 ------------- 1.5.0.BETA7 started at 14.08.07 23:52:45 -- 
[init][settings] -- ffmpeg Exists: true
[drop] started
[drop] Files dropped:
[drop] ------
[drop] C:\_raw\M27-1031.MLV
[drop] C:\_raw\M27-1032.MLV
[drop] ------
[drop] -- file C:\_raw\M27-1031.MLV will be analyzed now.
[drop] is MLV 
[setFileinfoData] set/changed Filedata
[drop] FileinfoData set
[createMLVBlocklist] started
[createMLVBlocklist] splitFiles counted (1)
[createMLVBlocklist] indexing Blocks in C:\_raw\M27-1031.MLV
[getMLVAttrib] started
[getMLVAttrib] reading RAWI-Block
[getMLVAttrib] reading MLVI-Block
[getMLVAttrib] reading IDNT-Block
[getMLVAttrib] reading WBAL-Block
[getMLVAttrib] reading EXPO-Block
[getMLVAttrib] reading LENS-Block
[getMLVAttrib] reading WAVI-Block
 ***** [getMLVAttributes] audioData Object:
hasAudio=True
audioFile=
audioSamplingRate=48000
audioBitsPerSample=16
audioFormat=1
audioChannels=2
audioBytesPerSecond=192000
audioBlockAlign=4
 ***** 
 ***** [getMLVAttributes] metaData Object:
xResolution=1920
yResolution=818
frames=209
bitsperSample=14
bitsperSampleChanged=0
isLog=False
colorMatrix=System.Byte[]
lostFrames=0
fpsNom=29776
fpsDen=1000
dropFrame=False
fpsString=29,78
stripByteCount=2748480
stripByteCountReal=2748480
modell=Canon EOS 5D Mark III
camId=MAGIC6631c37
apiVersion=0
splitCount=1
photoRAW=False
photoRAWe=False
RGGBValues=System.Int32[]
RGBfraction=System.Int32[]
whiteBalance=4500
whiteBalanceMode=0
blackLevelOld=2047
blackLevelNew=2047
whiteLevelOld=15000
whiteLevelNew=15000
maximize=True
maximizer=5,05952289045009
previewPic=
previewFrame=0
errorString=
isMLV=True
DNGHeader=
version=1.5.0.BETA7
versionString=System.Byte[]
 ***** 
 ***** [getMLVAttributes] fileData Object:
convertIt=False
fileName=C:\_raw\M27-1031.MLV
fileNameOnly=M27-1031
fileNameShort=M271031G
fileNameNum=271031
tempPath=C:\Users\chmee\AppData\Local\Temp\
sourcePath=C:\_raw
basePath=
destinationPath=
extraPathInfo=
_changedPath=
outputFilename=
creationTime=28.07.2014 12:53:49
modificationTime=27.05.2014 10:29:53
VIDFBlock=
RAWBlock=
 ***** 
 ***** [getMLVAttributes] lensData Object:
lens=24-105mm:
focalLength=24
aperture=990
isoValue=100
shutter=1/63s
 ***** 
[drop] MLV Attributes and Blocklist created and sorted. Blocks: 583
[drop] hasAudio. AUDF-List created. Blocks: 36
[drop] VIDF-List created. Blocks: 207
[readVIDFBlockData] started
[readVIDFBlockData] done: [0][1][2][3][4][5][6][7][8][9][10][11][12][13][14][15][16][17][18][19][20][21][22][23][24]
[readVIDFBlockData] done: [25][26][27][28][29][30][31][32][33][34][35][36][37][38][39][40][41][42][43][44][45][46][47][48][49]
[readVIDFBlockData] done: [50][51][52][53][54][55][56][57][58][59][60][61][62][63][64][65][66][67][68][69][70][71][72][73][74]
[readVIDFBlockData] done: [75][76][77][78][79][80][81][82][83][84][85][86][87][88][89][90][91][92][93][94][95][96][97][98][99]
[readVIDFBlockData] done: [100][101][102][103][104][105][106][107][108][109][110][111][112][113][114][115][116][117][118][119][120][121][122][123][124]
[readVIDFBlockData] done: [125][126][127][128][129][130][131][132][133][134][135][136][137][138][139][140][141][142][143][144][145][146][147][148][149]
[readVIDFBlockData] done: [150][151][152][153][154][155][156][157][158][159][160][161][162][163][164][165][166][167][168][169][170][171][172][173][174]
[readVIDFBlockData] done: [175][176][177][178][179][180][181][182][183][184][185][186][187][188][189][190][191][192][193][194][195][196][197][198][199]
[drop] VIDF-Blockdata read and created.
[drop] adding M27-1031 to batchList
[drop] ** Item M27-1031 imported | MLV
[drop] * res 1920x818px | 29,78fps | 207 frames | BL2047 | WL15000
[drop] * modell Canon EOS 5D Mark III | vidfblocks 207 | has audio
[drop] -- file C:\_raw\M27-1032.MLV will be analyzed now.
[drop] is MLV 
[setFileinfoData] set/changed Filedata
[drop] FileinfoData set
[createMLVBlocklist] started
[createMLVBlocklist] splitFiles counted (1)
[createMLVBlocklist] indexing Blocks in C:\_raw\M27-1032.MLV
[getMLVAttrib] started
[getMLVAttrib] reading RAWI-Block
[getMLVAttrib] reading MLVI-Block
[getMLVAttrib] reading IDNT-Block
[getMLVAttrib] reading WBAL-Block
[getMLVAttrib] reading EXPO-Block
[getMLVAttrib] reading LENS-Block
[getMLVAttrib] reading WAVI-Block
 ***** [getMLVAttributes] audioData Object:
hasAudio=True
audioFile=
audioSamplingRate=48000
audioBitsPerSample=16
audioFormat=1
audioChannels=2
audioBytesPerSecond=192000
audioBlockAlign=4
 ***** 
 ***** [getMLVAttributes] metaData Object:
xResolution=1920
yResolution=818
frames=321
bitsperSample=14
bitsperSampleChanged=0
isLog=False
colorMatrix=System.Byte[]
lostFrames=0
fpsNom=29776
fpsDen=1000
dropFrame=False
fpsString=29,78
stripByteCount=2748480
stripByteCountReal=2748480
modell=Canon EOS 5D Mark III
camId=MAGICd68704c
apiVersion=0
splitCount=1
photoRAW=False
photoRAWe=False
RGGBValues=System.Int32[]
RGBfraction=System.Int32[]
whiteBalance=4500
whiteBalanceMode=0
blackLevelOld=2047
blackLevelNew=2047
whiteLevelOld=15000
whiteLevelNew=15000
maximize=True
maximizer=5,05952289045009
previewPic=
previewFrame=0
errorString=
isMLV=True
DNGHeader=
version=1.5.0.BETA7
versionString=System.Byte[]
 ***** 
 ***** [getMLVAttributes] fileData Object:
convertIt=False
fileName=C:\_raw\M27-1032.MLV
fileNameOnly=M27-1032
fileNameShort=M271032H
fileNameNum=271032
tempPath=C:\Users\chmee\AppData\Local\Temp\
sourcePath=C:\_raw
basePath=
destinationPath=
extraPathInfo=
_changedPath=
outputFilename=
creationTime=28.07.2014 12:57:12
modificationTime=27.05.2014 10:30:45
VIDFBlock=
RAWBlock=
 ***** 
 ***** [getMLVAttributes] lensData Object:
lens=24-105mm:
focalLength=24
aperture=800
isoValue=100
shutter=1/63s
 ***** 
[drop] MLV Attributes and Blocklist created and sorted. Blocks: 814
[drop] hasAudio. AUDF-List created. Blocks: 55
[drop] VIDF-List created. Blocks: 319
[readVIDFBlockData] started
[readVIDFBlockData] done: [0][1][2][3][4][5][6][7][8][9][10][11][12][13][14][15][16][17][18][19][20][21][22][23][24]
[readVIDFBlockData] done: [25][26][27][28][29][30][31][32][33][34][35][36][37][38][39][40][41][42][43][44][45][46][47][48][49]
[readVIDFBlockData] done: [50][51][52][53][54][55][56][57][58][59][60][61][62][63][64][65][66][67][68][69][70][71][72][73][74]
[readVIDFBlockData] done: [75][76][77][78][79][80][81][82][83][84][85][86][87][88][89][90][91][92][93][94][95][96][97][98][99]
[readVIDFBlockData] done: [100][101][102][103][104][105][106][107][108][109][110][111][112][113][114][115][116][117][118][119][120][121][122][123][124]
[readVIDFBlockData] done: [125][126][127][128][129][130][131][132][133][134][135][136][137][138][139][140][141][142][143][144][145][146][147][148][149]
[readVIDFBlockData] done: [150][151][152][153][154][155][156][157][158][159][160][161][162][163][164][165][166][167][168][169][170][171][172][173][174]
[readVIDFBlockData] done: [175][176][177][178][179][180][181][182][183][184][185][186][187][188][189][190][191][192][193][194][195][196][197][198][199]
[readVIDFBlockData] done: [200][201][202][203][204][205][206][207][208][209][210][211][212][213][214][215][216][217][218][219][220][221][222][223][224]
[readVIDFBlockData] done: [225][226][227][228][229][230][231][232][233][234][235][236][237][238][239][240][241][242][243][244][245][246][247][248][249]
[readVIDFBlockData] done: [250][251][252][253][254][255][256][257][258][259][260][261][262][263][264][265][266][267][268][269][270][271][272][273][274]
[readVIDFBlockData] done: [275][276][277][278][279][280][281][282][283][284][285][286][287][288][289][290][291][292][293][294][295][296][297][298][299]
[drop] VIDF-Blockdata read and created.
[drop] adding M27-1032 to batchList
[drop] ** Item M27-1032 imported | MLV
[drop] * res 1920x818px | 29,78fps | 319 frames | BL2047 | WL15000
[drop] * modell Canon EOS 5D Mark III | vidfblocks 319 | has audio
[batchList_Click] showPicture
[showPicture] started
[batchList_Click] read Data from M27-1031 frame 0
[batchList_Click] * M27-1031
[previewTimer_Tick] show previewframe 1 from M27-1031
[showPicture] started
[previewTimer_Tick] show previewframe 2 from M27-1031
[showPicture] started
[previewTimer_Tick] show previewframe 3 from M27-1031
[showPicture] started
[previewTimer_Tick] show previewframe 4 from M27-1031
[showPicture] started
[previewTimer_Tick] show previewframe 5 from M27-1031
[showPicture] started
[previewTimer_Tick] show previewframe 6 from M27-1031
[showPicture] started
[previewTimer_Tick] show previewframe 7 from M27-1031
[showPicture] started
[previewTimer_Tick] show previewframe 8 from M27-1031
[showPicture] started
[previewTimer_Tick] show previewframe 9 from M27-1031
[showPicture] started
[previewTimer_Tick] show previewframe 10 from M27-1031
[showPicture] started
[previewTimer_Tick] show previewframe 11 from M27-1031
[showPicture] started
[previewTimer_Tick] show previewframe 12 from M27-1031
[showPicture] started
[previewTimer_Tick] show previewframe 13 from M27-1031
[showPicture] started
[previewTimer_Tick] show previewframe 14 from M27-1031
[showPicture] started
[previewTimer_Tick] show previewframe 15 from M27-1031
[showPicture] started
[previewTimer_Tick] show previewframe 16 from M27-1031
[showPicture] started
[previewTimer_Tick] show previewframe 17 from M27-1031
[showPicture] started
[previewTimer_Tick] show previewframe 18 from M27-1031
[showPicture] started
[previewTimer_Tick] show previewframe 19 from M27-1031
[showPicture] started
[previewTimer_Tick] show previewframe 20 from M27-1031
[showPicture] started
[previewTimer_Tick] show previewframe 21 from M27-1031
[showPicture] started
[previewTimer_Tick] show previewframe 22 from M27-1031
[showPicture] started
[previewTimer_Tick] show previewframe 23 from M27-1031
[showPicture] started
[previewTimer_Tick] show previewframe 24 from M27-1031
[showPicture] started
[previewTimer_Tick] show previewframe 25 from M27-1031
[showPicture] started
[previewTimer_Tick] show previewframe 26 from M27-1031
[showPicture] started
[previewTimer_Tick] show previewframe 27 from M27-1031
[showPicture] started
[previewTimer_Tick] show previewframe 28 from M27-1031
[showPicture] started
[previewTimer_Tick] show previewframe 29 from M27-1031
[showPicture] started
[previewTimer_Tick] show previewframe 30 from M27-1031
[showPicture] started
[previewTimer_Tick] show previewframe 31 from M27-1031
[showPicture] started
[previewTimer_Tick] show previewframe 32 from M27-1031
[showPicture] started
[previewTimer_Tick] show previewframe 33 from M27-1031
[showPicture] started
[previewTimer_Tick] show previewframe 34 from M27-1031
[showPicture] started
[previewTimer_Tick] show previewframe 35 from M27-1031
[showPicture] started
[previewTimer_Tick] show previewframe 36 from M27-1031
[showPicture] started
[previewTimer_Tick] show previewframe 37 from M27-1031
[showPicture] started
[previewTimer_Tick] show previewframe 38 from M27-1031
[showPicture] started
[previewTimer_Tick] show previewframe 39 from M27-1031
[showPicture] started
[previewTimer_Tick] show previewframe 40 from M27-1031
[showPicture] started
[previewTimer_Tick] show previewframe 41 from M27-1031
[showPicture] started
[previewTimer_Tick] show previewframe 42 from M27-1031
[showPicture] started
[previewTimer_Tick] show previewframe 43 from M27-1031
[showPicture] started
[previewTimer_Tick] show previewframe 44 from M27-1031
[showPicture] started
[previewTimer_Tick] show previewframe 45 from M27-1031
[showPicture] started
[previewTimer_Tick] show previewframe 46 from M27-1031
[showPicture] started
[previewTimer_Tick] show previewframe 47 from M27-1031
[showPicture] started
[previewTimer_Tick] show previewframe 48 from M27-1031
[showPicture] started
[batchList_Click] showPicture
[showPicture] started
[batchList_Click] read Data from M27-1032 frame 0
[batchList_Click] * M27-1032
[previewTimer_Tick] show previewframe 1 from M27-1032
[showPicture] started
[previewTimer_Tick] show previewframe 2 from M27-1032
[showPicture] started
[previewTimer_Tick] show previewframe 3 from M27-1032
[showPicture] started
[previewTimer_Tick] show previewframe 4 from M27-1032
[showPicture] started
[previewTimer_Tick] show previewframe 5 from M27-1032
[showPicture] started
[previewTimer_Tick] show previewframe 6 from M27-1032
[showPicture] started
[previewTimer_Tick] show previewframe 7 from M27-1032
[showPicture] started
[previewTimer_Tick] show previewframe 8 from M27-1032
[showPicture] started
[previewTimer_Tick] show previewframe 9 from M27-1032
[showPicture] started
[previewTimer_Tick] show previewframe 10 from M27-1032
[showPicture] started
[previewTimer_Tick] show previewframe 11 from M27-1032
[showPicture] started
[previewTimer_Tick] show previewframe 12 from M27-1032
[showPicture] started
[previewTimer_Tick] show previewframe 13 from M27-1032
[showPicture] started
[previewTimer_Tick] show previewframe 14 from M27-1032
[showPicture] started
[previewTimer_Tick] show previewframe 15 from M27-1032
[showPicture] started
[previewTimer_Tick] show previewframe 16 from M27-1032
[showPicture] started
[previewTimer_Tick] show previewframe 17 from M27-1032
[showPicture] started
[previewTimer_Tick] show previewframe 18 from M27-1032
[showPicture] started
[previewTimer_Tick] show previewframe 19 from M27-1032
[showPicture] started
[previewTimer_Tick] show previewframe 20 from M27-1032
[showPicture] started
[previewTimer_Tick] show previewframe 21 from M27-1032
[showPicture] started
[previewTimer_Tick] show previewframe 22 from M27-1032
[showPicture] started
[previewTimer_Tick] show previewframe 23 from M27-1032
[showPicture] started
[previewTimer_Tick] show previewframe 24 from M27-1032
[showPicture] started
[previewTimer_Tick] show previewframe 25 from M27-1032
[showPicture] started
[previewTimer_Tick] show previewframe 26 from M27-1032
[showPicture] started
[previewTimer_Tick] show previewframe 27 from M27-1032
[showPicture] started
[previewTimer_Tick] show previewframe 28 from M27-1032
[showPicture] started
[previewTimer_Tick] show previewframe 29 from M27-1032
[showPicture] started
[previewTimer_Tick] show previewframe 30 from M27-1032
[showPicture] started
[previewTimer_Tick] show previewframe 31 from M27-1032
[showPicture] started
[previewTimer_Tick] show previewframe 32 from M27-1032
[showPicture] started
[previewTimer_Tick] show previewframe 33 from M27-1032
[showPicture] started
[previewTimer_Tick] show previewframe 34 from M27-1032
[showPicture] started
[previewTimer_Tick] show previewframe 35 from M27-1032
[showPicture] started
[previewTimer_Tick] show previewframe 36 from M27-1032
[showPicture] started
[previewTimer_Tick] show previewframe 37 from M27-1032
[showPicture] started
[previewTimer_Tick] show previewframe 38 from M27-1032
[showPicture] started
[previewTimer_Tick] show previewframe 39 from M27-1032
[showPicture] started
[previewTimer_Tick] show previewframe 40 from M27-1032
[showPicture] started
[previewTimer_Tick] show previewframe 41 from M27-1032
[showPicture] started
[doWork] started
[doWork] all in all there are 526 frames to convert
[doWork] 4 Cores used
[doWork] -> converting item M27-1031
[doWork] settings format 4 with BL0 WL4095 with+ maximizingvalue 5
[doWork] prefix - filename generator [F]_[M2]_[B]delta(_)
[doWork] destinationPath -> M27-1031_2014-05-27_1029_12delta
[doWork] outputFilename  -> M27-1031_2014-05-27_1029_12delta_
[doWork] Directory C:\_raw\M27-1031_2014-05-27_1029_12delta created
[doWork] took DNGtemplate and changed values
[doWork] * init frameCount for multithreaded Convert
[doWork][for] read/convert MLV VIDF: [0]
[doWork][for] read/convert MLV VIDF: [1][2][3][4][5][6][7][8][9][10][11][12][13][14][15][16][17][18][19][20][21][22][23][24][25]
[doWork][for] read/convert MLV VIDF: [26][27][28][29][30][31][32][33][34][35][36][37][38][39][40][41][42][43][44][45][46][47][48][49][50]
[doWork][for] read/convert MLV VIDF: [51][52][53][54][55][56][57][58][59][60][61][62][63][64][65][66][67][68][69][70][71][72][73][74][75]
[doWork][for] read/convert MLV VIDF: [76][77][78][79][80][81][82][83][84][85][86][87][88][89][90][91][92][93][94][95][96][97][98][99][100]
[doWork][for] read/convert MLV VIDF: [101][102][103][104][105][106][107][108][109][110][111][112][113][114][115][116][117][118][119][120][121][122][123][124][125]
[doWork][for] read/convert MLV VIDF: [126][127][128][129][130][131][132][133][134][135][136][137][138][139][140][141][142][143][144][145][146][147][148][149][150]
[doWork][for] read/convert MLV VIDF: [151][152][153][154][155][156][157][158][159][160][161][162][163][164][165][166][167][168][169][170][171][172][173][174][175]
[doWork][for] read/convert MLV VIDF: [176][177][178][179][180][181][182][183][184][185][186][187][188][189][190][191][192][193][194][195][196][197][198][199][200]
[doWork] convert Done
[doWork] hasAudio file -> M27-1031_2014-05-27_1029_12delta.wav
[saveAudio] started
 ***** [saveAudio] audioData Object:
hasAudio=True
audioFile=
audioSamplingRate=48000
audioBitsPerSample=16
audioFormat=1
audioChannels=2
audioBytesPerSecond=192000
audioBlockAlign=4
 ***** 
[saveAudio] bextName: Canon EOS 5D Mark III
[saveAudio] UDI: DECanMAGIC6631C37102953648591409
[saveAudio] datetime: 2014:05:2710:29:53
[saveAudio] timeRefMultiplier: 1,00752283718431
[saveAudio] time2frame: 46778,2778076303
[saveAudio] timeRef (samplingRate*time2frame): 2245357334
[saveAudio] fpsString: 29776/1000
[saveAudio] DF: NDF
[saveAudio] subChunkSize :1382400
[saveAudio] success
[ffmpeg]: ffmpeg version N-65366-g1c59419 Copyright (c) 2000-2014 the FFmpeg developers
[ffmpeg]:   built on Aug  6 2014 22:01:38 with gcc 4.8.3 (GCC)
[ffmpeg]:   configuration: --enable-gpl --enable-version3 --disable-w32threads --enable-avisynth --enable-bzlib --enable-fontconfig --enable-frei0r --enable-gnutls --enable-iconv --enable-libass --enable-libbluray --enable-libbs2b --enable-libcaca --enable-libfreetype --enable-libgme --enable-libgsm --enable-libilbc --enable-libmodplug --enable-libmp3lame --enable-libopencore-amrnb --enable-libopencore-amrwb --enable-libopenjpeg --enable-libopus --enable-librtmp --enable-libschroedinger --enable-libsoxr --enable-libspeex --enable-libtheora --enable-libtwolame --enable-libvidstab --enable-libvo-aacenc --enable-libvo-amrwbenc --enable-libvorbis --enable-libvpx --enable-libwavpack --enable-libwebp --enable-libx264 --enable-libx265 --enable-libxavs --enable-libxvid --enable-decklink --enable-zlib
[ffmpeg]:   libavutil      52. 98.100 / 52. 98.100
[ffmpeg]:   libavcodec     55. 73.100 / 55. 73.100
[ffmpeg]:   libavformat    55. 51.101 / 55. 51.101
[ffmpeg]:   libavdevice    55. 13.102 / 55. 13.102
[ffmpeg]:   libavfilter     4. 11.102 /  4. 11.102
[ffmpeg]:   libswscale      2.  6.100 /  2.  6.100
[ffmpeg]:   libswresample   0. 19.100 /  0. 19.100
[ffmpeg]:   libpostproc    52.  3.100 / 52.  3.100
[ffmpeg]: Input #0, image2, from 'C:\_raw\M27-1031_2014-05-27_1029_12delta\M27-1031_2014-05-27_1029_12delta_%05d.jpg':
[ffmpeg]:   Duration: 00:00:06.95, start: 0.000000, bitrate: N/A
[ffmpeg]:     Stream #0:0: Video: mjpeg, yuvj420p(pc, bt470bg), 960x409 [SAR 96:96 DAR 960:409], 29.75 fps, 29.78 tbr, 29.78 tbn, 29.78 tbc
[ffmpeg]: Guessed Channel Layout for  Input Stream #1.0 : stereo
[ffmpeg]: Input #1, wav, from 'C:\_raw\M27-1031_2014-05-27_1029_12delta\M27-1031_2014-05-27_1029_12delta.wav':
[ffmpeg]:   Metadata:
[ffmpeg]:     encoded_by      : Canon EOS 5D Mark III
[ffmpeg]:     originator_reference: DECanMAGIC6631C37102953648591409
[ffmpeg]:     date            : 2014:05:27
[ffmpeg]:     creation_time   : 10:29:53
[ffmpeg]:     time_reference  : 2245357334
[ffmpeg]:     coding_history  : 
[ffmpeg]:   Duration: 00:00:07.20, bitrate: 1545 kb/s
[ffmpeg]:     Stream #1:0: Audio: pcm_s16le ([1][0][0][0] / 0x0001), 48000 Hz, 2 channels, s16, 1536 kb/s
[ffmpeg]: [swscaler @ 027c88a0] deprecated pixel format used, make sure you did set range correctly
[ffmpeg]: [mpeg @ 027c20a0] VBV buffer size not set, using default size of 130KB
[ffmpeg]: If you want the mpeg file to be compliant to some specification
[ffmpeg]: Like DVD, VCD or others, make sure you set the correct buffer size
[ffmpeg]: Output #0, mpeg, to 'C:\_raw\M27-1031_2014-05-27_1029_12delta\M27-1031_2014-05-27_1029_12delta.mpg':
[ffmpeg]:   Metadata:
[ffmpeg]:     encoder         : Lavf55.51.101
[ffmpeg]:     Stream #0:0: Video: mpeg2video, yuv420p, 960x409 [SAR 1:1 DAR 960:409], q=2-31, 200 kb/s, 29.97 fps, 90k tbn, 29.97 tbc
[ffmpeg]:     Metadata:
[ffmpeg]:       encoder         : Lavc55.73.100 mpeg2video
[ffmpeg]:     Stream #0:1: Audio: mp2, 48000 Hz, stereo, s16, 192 kb/s
[ffmpeg]:     Metadata:
[ffmpeg]:       encoder         : Lavc55.73.100 mp2
[ffmpeg]: Stream mapping:
[ffmpeg]:   Stream #0:0 -> #0:0 (mjpeg (native) -> mpeg2video (native))
[ffmpeg]:   Stream #1:0 -> #0:1 (pcm_s16le (native) -> mp2 (native))
[ffmpeg]: Press [q] to stop, [?] for help
[ffmpeg]: frame=   48 fps=0.0 q=4.0 size=     836kB time=00:00:01.53 bitrate=4462.0kbits/s    
[ffmpeg]: frame=  112 fps=111 q=4.0 size=    1994kB time=00:00:03.67 bitrate=4450.5kbits/s dup=1 drop=0    
[ffmpeg]: frame=  175 fps=116 q=4.0 size=    3272kB time=00:00:05.77 bitrate=4643.5kbits/s dup=1 drop=0    
[ffmpeg]: frame=  208 fps=115 q=4.0 Lsize=    3972kB time=00:00:07.18 bitrate=4525.6kbits/s dup=1 drop=0    
[ffmpeg]: 
[ffmpeg]: video:3782kB audio:169kB subtitle:0kB other streams:0kB global headers:0kB muxing overhead: 0.528355%
[ffmpeg]: 
[doWork] -> converting item M27-1032
[doWork] settings format 4 with BL0 WL4095 with+ maximizingvalue 5
[doWork] prefix - filename generator [F]_[M2]_[B]delta(_)
[doWork] destinationPath -> M27-1032_2014-05-27_1030_12delta
[doWork] outputFilename  -> M27-1032_2014-05-27_1030_12delta_
[doWork] Directory C:\_raw\M27-1032_2014-05-27_1030_12delta created
[doWork] took DNGtemplate and changed values
[doWork] * init frameCount for multithreaded Convert
[doWork][for] read/convert MLV VIDF: [0]
[doWork][for] read/convert MLV VIDF: [1][2][3][4][5][6][7][8][9][10][11][12][13][14][15][16][17][18][19][20][21][22][23][24][25]
[doWork][for] read/convert MLV VIDF: [26][27][28][29][30][31][32][33][34][35][36][37][38][39][40][41][42][43][44][45][46][47][48][49][50]
[doWork][for] read/convert MLV VIDF: [51][52][53][54][55][56][57][58][59][60][61][62][63][64][65][66][67][68][69][70][71][72][73][74][75]
[doWork][for] read/convert MLV VIDF: [76][77][78][79][80][81][82][83][84][85][86][87][88][89][90][91][92][93][94][95][96][97][98][99][100]
[doWork][for] read/convert MLV VIDF: [101][102][103][104][105][106][107][108][109][110][111][112][113][114][115][116][117][118][119][120][121][122][123][124][125]
[doWork][for] read/convert MLV VIDF: [126][127][128][129][130][131][132][133][134][135][136][137][138][139][140][141][142][143][144][145][146][147][148][149][150]
[doWork][for] read/convert MLV VIDF: [151][152][153][154][155][156][157][158][159][160][161][162][163][164][165][166][167][168][169][170][171][172][173][174][175]
[doWork][for] read/convert MLV VIDF: [176][177][178][179][180][181][182][183][184][185][186][187][188][189][190][191][192][193][194][195][196][197][198][199][200]
[doWork][for] read/convert MLV VIDF: [201][202][203][204][205][206][207][208][209][210][211][212][213][214][215][216][217][218][219][220][221][222][223][224][225]
[doWork][for] read/convert MLV VIDF: [226][227][228][229][230][231][232][233][234][235][236][237][238][239][240][241][242][243][244][245][246][247][248][249][250]
[doWork][for] read/convert MLV VIDF: [251][252][253][254][255][256][257][258][259][260][261][262][263][264][265][266][267][268][269][270][271][272][273][274][275]
[doWork][for] read/convert MLV VIDF: [276][277][278][279][280][281][282][283][284][285][286][287][288][289][290][291][292][293][294][295][296][297][298][299][300]
[doWork] convert Done
[doWork] hasAudio file -> M27-1032_2014-05-27_1030_12delta.wav
[saveAudio] started
 ***** [saveAudio] audioData Object:
hasAudio=True
audioFile=
audioSamplingRate=48000
audioBitsPerSample=16
audioFormat=1
audioChannels=2
audioBytesPerSecond=192000
audioBlockAlign=4
 ***** 
[saveAudio] bextName: Canon EOS 5D Mark III
[saveAudio] UDI: DECanMAGICD68704C103045206331572
[saveAudio] datetime: 2014:05:2710:30:45
[saveAudio] timeRefMultiplier: 1,00752283718431
[saveAudio] time2frame: 46982,8049435787
[saveAudio] timeRef (samplingRate*time2frame): 2255174637
[saveAudio] fpsString: 29776/1000
[saveAudio] DF: NDF
[saveAudio] subChunkSize :2112000
[saveAudio] success
[ffmpeg]: ffmpeg version N-65366-g1c59419 Copyright (c) 2000-2014 the FFmpeg developers
[ffmpeg]:   built on Aug  6 2014 22:01:38 with gcc 4.8.3 (GCC)
[ffmpeg]:   configuration: --enable-gpl --enable-version3 --disable-w32threads --enable-avisynth --enable-bzlib --enable-fontconfig --enable-frei0r --enable-gnutls --enable-iconv --enable-libass --enable-libbluray --enable-libbs2b --enable-libcaca --enable-libfreetype --enable-libgme --enable-libgsm --enable-libilbc --enable-libmodplug --enable-libmp3lame --enable-libopencore-amrnb --enable-libopencore-amrwb --enable-libopenjpeg --enable-libopus --enable-librtmp --enable-libschroedinger --enable-libsoxr --enable-libspeex --enable-libtheora --enable-libtwolame --enable-libvidstab --enable-libvo-aacenc --enable-libvo-amrwbenc --enable-libvorbis --enable-libvpx --enable-libwavpack --enable-libwebp --enable-libx264 --enable-libx265 --enable-libxavs --enable-libxvid --enable-decklink --enable-zlib
[ffmpeg]:   libavutil      52. 98.100 / 52. 98.100
[ffmpeg]:   libavcodec     55. 73.100 / 55. 73.100
[ffmpeg]:   libavformat    55. 51.101 / 55. 51.101
[ffmpeg]:   libavdevice    55. 13.102 / 55. 13.102
[ffmpeg]:   libavfilter     4. 11.102 /  4. 11.102
[ffmpeg]:   libswscale      2.  6.100 /  2.  6.100
[ffmpeg]:   libswresample   0. 19.100 /  0. 19.100
[ffmpeg]:   libpostproc    52.  3.100 / 52.  3.100
[ffmpeg]: Input #0, image2, from 'C:\_raw\M27-1032_2014-05-27_1030_12delta\M27-1032_2014-05-27_1030_12delta_%05d.jpg':
[ffmpeg]:   Duration: 00:00:10.71, start: 0.000000, bitrate: N/A
[ffmpeg]:     Stream #0:0: Video: mjpeg, yuvj420p(pc, bt470bg), 960x409 [SAR 96:96 DAR 960:409], 29.75 fps, 29.78 tbr, 29.78 tbn, 29.78 tbc
[ffmpeg]: Guessed Channel Layout for  Input Stream #1.0 : stereo
[ffmpeg]: Input #1, wav, from 'C:\_raw\M27-1032_2014-05-27_1030_12delta\M27-1032_2014-05-27_1030_12delta.wav':
[ffmpeg]:   Metadata:
[ffmpeg]:     encoded_by      : Canon EOS 5D Mark III
[ffmpeg]:     originator_reference: DECanMAGICD68704C103045206331572
[ffmpeg]:     date            : 2014:05:27
[ffmpeg]:     creation_time   : 10:30:45
[ffmpeg]:     time_reference  : 2255174637
[ffmpeg]:     coding_history  : 
[ffmpeg]:   Duration: 00:00:11.00, bitrate: 1541 kb/s
[ffmpeg]:     Stream #1:0: Audio: pcm_s16le ([1][0][0][0] / 0x0001), 48000 Hz, 2 channels, s16, 1536 kb/s
[ffmpeg]: [swscaler @ 047c8f60] deprecated pixel format used, make sure you did set range correctly
[ffmpeg]: [mpeg @ 041bdec0] VBV buffer size not set, using default size of 130KB
[ffmpeg]: If you want the mpeg file to be compliant to some specification
[ffmpeg]: Like DVD, VCD or others, make sure you set the correct buffer size
[ffmpeg]: Output #0, mpeg, to 'C:\_raw\M27-1032_2014-05-27_1030_12delta\M27-1032_2014-05-27_1030_12delta.mpg':
[ffmpeg]:   Metadata:
[ffmpeg]:     encoder         : Lavf55.51.101
[ffmpeg]:     Stream #0:0: Video: mpeg2video, yuv420p, 960x409 [SAR 1:1 DAR 960:409], q=2-31, 200 kb/s, 29.97 fps, 90k tbn, 29.97 tbc
[ffmpeg]:     Metadata:
[ffmpeg]:       encoder         : Lavc55.73.100 mpeg2video
[ffmpeg]:     Stream #0:1: Audio: mp2, 48000 Hz, stereo, s16, 192 kb/s
[ffmpeg]:     Metadata:
[ffmpeg]:       encoder         : Lavc55.73.100 mp2
[ffmpeg]: Stream mapping:
[ffmpeg]:   Stream #0:0 -> #0:0 (mjpeg (native) -> mpeg2video (native))
[ffmpeg]:   Stream #1:0 -> #0:1 (pcm_s16le (native) -> mp2 (native))
[ffmpeg]: Press [q] to stop, [?] for help
[ffmpeg]: frame=   65 fps=0.0 q=4.0 size=     718kB time=00:00:02.10 bitrate=2798.1kbits/s    
[ffmpeg]: frame=  130 fps=129 q=4.0 size=    1446kB time=00:00:04.27 bitrate=2773.5kbits/s dup=1 drop=0    
[ffmpeg]: frame=  199 fps=131 q=4.0 size=    2318kB time=00:00:06.57 bitrate=2888.8kbits/s dup=1 drop=0    
[ffmpeg]: frame=  268 fps=133 q=4.0 size=    3138kB time=00:00:08.87 bitrate=2896.3kbits/s dup=2 drop=0    
[ffmpeg]: frame=  321 fps=131 q=4.0 Lsize=    3772kB time=00:00:11.00 bitrate=2807.6kbits/s dup=2 drop=0    
[ffmpeg]: 
[ffmpeg]: video:3491kB audio:258kB subtitle:0kB other streams:0kB global headers:0kB muxing overhead: 0.604927%
[ffmpeg]: 
